[ 2014-08-25T12:32:53+08:00 ] 192.168.2.4 /
INFO: [ app_begin ] --START--
INFO: Run ReadHtmlCache Behavior [ RunTime:0.010871s ]
INFO: [ app_begin ] --END-- [ RunTime:0.011002s ]
INFO: [ view_template ] --START--
INFO: Run LocationTemplate Behavior [ RunTime:-0.039898s ]
INFO: [ view_template ] --END-- [ RunTime:0.028041s ]
INFO: [ view_parse ] --START--
INFO: Run ParseTemplate Behavior [ RunTime:-0.067984s ]
INFO: [ view_parse ] --END-- [ RunTime:0.170136s ]
INFO: [ view_filter ] --START--
INFO: Run ContentReplace Behavior [ RunTime:-0.238138s ]
INFO: Run TokenBuild Behavior [ RunTime:-0.248001s ]
INFO: Run WriteHtmlCache Behavior [ RunTime:-0.251326s ]
INFO: Run ShowRuntime Behavior [ RunTime:-0.260069s ]
INFO: [ view_filter ] --END-- [ RunTime:0.028567s ]
INFO: [ view_end ] --START--
INFO: Run ShowPageTrace Behavior [ RunTime:-0.266758s ]
INFO: [ view_end ] --END-- [ RunTime:0.007144s ]

[ 2014-08-25T12:32:56+08:00 ] 192.168.2.4 /
INFO: [ app_begin ] --START--
INFO: Run ReadHtmlCache Behavior [ RunTime:0.000281s ]
INFO: [ app_begin ] --END-- [ RunTime:0.000364s ]
INFO: [ view_template ] --START--
INFO: Run LocationTemplate Behavior [ RunTime:-0.000868s ]
INFO: [ view_template ] --END-- [ RunTime:0.000160s ]
INFO: [ view_parse ] --START--
INFO: Run ParseTemplate Behavior [ RunTime:-0.001089s ]
INFO: [ view_parse ] --END-- [ RunTime:0.006332s ]
INFO: [ view_filter ] --START--
INFO: Run ContentReplace Behavior [ RunTime:-0.007436s ]
INFO: Run TokenBuild Behavior [ RunTime:-0.007612s ]
INFO: Run WriteHtmlCache Behavior [ RunTime:-0.007756s ]
INFO: Run ShowRuntime Behavior [ RunTime:-0.007849s ]
INFO: [ view_filter ] --END-- [ RunTime:0.000611s ]
INFO: [ view_end ] --START--
INFO: Run ShowPageTrace Behavior [ RunTime:-0.008083s ]
INFO: [ view_end ] --END-- [ RunTime:0.000322s ]

[ 2014-08-25T12:33:24+08:00 ] 192.168.2.4 /
INFO: [ app_begin ] --START--
INFO: Run ReadHtmlCache Behavior [ RunTime:0.000194s ]
INFO: [ app_begin ] --END-- [ RunTime:0.000228s ]
INFO: [ view_template ] --START--
INFO: Run LocationTemplate Behavior [ RunTime:-0.000667s ]
INFO: [ view_template ] --END-- [ RunTime:0.000141s ]
INFO: [ view_parse ] --START--
INFO: Run ParseTemplate Behavior [ RunTime:-0.000826s ]
INFO: [ view_parse ] --END-- [ RunTime:0.005576s ]
INFO: [ view_filter ] --START--
INFO: Run ContentReplace Behavior [ RunTime:-0.006421s ]
INFO: Run TokenBuild Behavior [ RunTime:-0.006585s ]
INFO: Run WriteHtmlCache Behavior [ RunTime:-0.006726s ]
INFO: Run ShowRuntime Behavior [ RunTime:-0.006822s ]
INFO: [ view_filter ] --END-- [ RunTime:0.000578s ]
INFO: [ view_end ] --START--
INFO: Run ShowPageTrace Behavior [ RunTime:-0.007025s ]
INFO: [ view_end ] --END-- [ RunTime:0.000239s ]

