[ 2014-05-06T20:51:50+08:00 ] 0.0.0.0 /OneselfSys/
INFO: [ app_begin ] --START--
INFO: Run ReadHtmlCache Behavior [ RunTime:0.021050s ]
INFO: [ app_begin ] --END-- [ RunTime:0.039031s ]
INFO: [ view_template ] --START--
INFO: Run LocationTemplate Behavior [ RunTime:-0.039224s ]
INFO: [ view_template ] --END-- [ RunTime:0.094587s ]
INFO: [ view_parse ] --START--
INFO: Run ParseTemplate Behavior [ RunTime:-0.133868s ]
INFO: [ view_parse ] --END-- [ RunTime:0.228141s ]
INFO: [ view_filter ] --START--
INFO: Run ContentReplace Behavior [ RunTime:-0.362025s ]
INFO: Run TokenBuild Behavior [ RunTime:-0.371791s ]
INFO: Run WriteHtmlCache Behavior [ RunTime:-0.375167s ]
INFO: Run ShowRuntime Behavior [ RunTime:-0.383805s ]
INFO: [ view_filter ] --END-- [ RunTime:0.028464s ]
INFO: [ view_end ] --START--
INFO: Run ShowPageTrace Behavior [ RunTime:-0.390552s ]
INFO: [ view_end ] --END-- [ RunTime:0.007093s ]

[ 2014-05-06T20:52:21+08:00 ] 0.0.0.0 /OneselfSys/
INFO: [ app_begin ] --START--
INFO: Run ReadHtmlCache Behavior [ RunTime:0.000281s ]
INFO: [ app_begin ] --END-- [ RunTime:0.000377s ]
INFO: [ view_template ] --START--
INFO: Run LocationTemplate Behavior [ RunTime:-0.000620s ]
INFO: [ view_template ] --END-- [ RunTime:0.000210s ]
INFO: [ view_parse ] --START--
INFO: Run ParseTemplate Behavior [ RunTime:-0.000860s ]
INFO: [ view_parse ] --END-- [ RunTime:0.021406s ]
INFO: [ view_filter ] --START--
INFO: Run ContentReplace Behavior [ RunTime:-0.022281s ]
INFO: Run TokenBuild Behavior [ RunTime:-0.022488s ]
INFO: Run WriteHtmlCache Behavior [ RunTime:-0.022645s ]
INFO: Run ShowRuntime Behavior [ RunTime:-0.022740s ]
INFO: [ view_filter ] --END-- [ RunTime:0.000656s ]
INFO: [ view_end ] --START--
INFO: Run ShowPageTrace Behavior [ RunTime:-0.022976s ]
INFO: [ view_end ] --END-- [ RunTime:0.000345s ]

[ 2014-05-06T20:52:24+08:00 ] 0.0.0.0 /OneselfSys/Index.php
INFO: [ app_begin ] --START--
INFO: Run ReadHtmlCache Behavior [ RunTime:0.000237s ]
INFO: [ app_begin ] --END-- [ RunTime:0.000278s ]
INFO: [ view_template ] --START--
INFO: Run LocationTemplate Behavior [ RunTime:-0.000345s ]
INFO: [ view_template ] --END-- [ RunTime:0.000168s ]
INFO: [ view_parse ] --START--
INFO: Run ParseTemplate Behavior [ RunTime:-0.000534s ]
INFO: [ view_parse ] --END-- [ RunTime:0.006077s ]
INFO: [ view_filter ] --START--
INFO: Run ContentReplace Behavior [ RunTime:-0.006629s ]
INFO: Run TokenBuild Behavior [ RunTime:-0.006797s ]
INFO: Run WriteHtmlCache Behavior [ RunTime:-0.006936s ]
INFO: Run ShowRuntime Behavior [ RunTime:-0.007027s ]
INFO: [ view_filter ] --END-- [ RunTime:0.000579s ]
INFO: [ view_end ] --START--
INFO: Run ShowPageTrace Behavior [ RunTime:-0.007235s ]
INFO: [ view_end ] --END-- [ RunTime:0.000247s ]

[ 2014-05-06T20:52:25+08:00 ] 0.0.0.0 /OneselfSys/Index.php/Personal/Index/tie
INFO: [ route_check ] --START--
INFO: Run CheckRoute Behavior [ RunTime:0.021483s ]
INFO: [ route_check ] --END-- [ RunTime:0.021545s ]
INFO: [ app_begin ] --START--
INFO: Run ReadHtmlCache Behavior [ RunTime:-0.000270s ]
INFO: [ app_begin ] --END-- [ RunTime:0.000350s ]
INFO: [ view_template ] --START--
INFO: Run LocationTemplate Behavior [ RunTime:-0.017780s ]
INFO: [ view_template ] --END-- [ RunTime:0.028095s ]
INFO: [ view_parse ] --START--
INFO: Run ParseTemplate Behavior [ RunTime:-0.045898s ]
INFO: [ view_parse ] --END-- [ RunTime:0.030090s ]
INFO: [ view_filter ] --START--
INFO: Run ContentReplace Behavior [ RunTime:-0.076022s ]
INFO: Run TokenBuild Behavior [ RunTime:-0.076212s ]
INFO: Run WriteHtmlCache Behavior [ RunTime:-0.076385s ]
INFO: Run ShowRuntime Behavior [ RunTime:-0.076493s ]
INFO: [ view_filter ] --END-- [ RunTime:0.000699s ]
INFO: [ view_end ] --START--
INFO: Run ShowPageTrace Behavior [ RunTime:-0.076744s ]
INFO: [ view_end ] --END-- [ RunTime:0.000281s ]

[ 2014-05-06T20:52:27+08:00 ] 0.0.0.0 /OneselfSys/Index.php/Personal/Index/Updpto
INFO: [ route_check ] --START--
INFO: Run CheckRoute Behavior [ RunTime:0.000411s ]
INFO: [ route_check ] --END-- [ RunTime:0.000465s ]
INFO: [ app_begin ] --START--
INFO: Run ReadHtmlCache Behavior [ RunTime:-0.000194s ]
INFO: [ app_begin ] --END-- [ RunTime:0.000293s ]
INFO: [ view_template ] --START--
INFO: Run LocationTemplate Behavior [ RunTime:-0.000849s ]
INFO: [ view_template ] --END-- [ RunTime:0.000241s ]
INFO: [ view_parse ] --START--
INFO: Run ParseTemplate Behavior [ RunTime:-0.001115s ]
INFO: [ view_parse ] --END-- [ RunTime:0.024151s ]
INFO: [ view_filter ] --START--
INFO: Run ContentReplace Behavior [ RunTime:-0.025288s ]
INFO: Run TokenBuild Behavior [ RunTime:-0.025509s ]
INFO: Run WriteHtmlCache Behavior [ RunTime:-0.025677s ]
INFO: Run ShowRuntime Behavior [ RunTime:-0.025787s ]
INFO: [ view_filter ] --END-- [ RunTime:0.000716s ]
INFO: [ view_end ] --START--
INFO: Run ShowPageTrace Behavior [ RunTime:-0.026037s ]
INFO: [ view_end ] --END-- [ RunTime:0.000281s ]

[ 2014-05-06T21:00:29+08:00 ] 0.0.0.0 /OneselfSys/
INFO: [ app_begin ] --START--
INFO: Run ReadHtmlCache Behavior [ RunTime:0.000212s ]
INFO: [ app_begin ] --END-- [ RunTime:0.000249s ]
INFO: [ view_template ] --START--
INFO: Run LocationTemplate Behavior [ RunTime:-0.000331s ]
INFO: [ view_template ] --END-- [ RunTime:0.000180s ]
INFO: [ view_parse ] --START--
INFO: Run ParseTemplate Behavior [ RunTime:-0.000542s ]
INFO: [ view_parse ] --END-- [ RunTime:0.022128s ]
INFO: [ view_filter ] --START--
INFO: Run ContentReplace Behavior [ RunTime:-0.022692s ]
INFO: Run TokenBuild Behavior [ RunTime:-0.022912s ]
INFO: Run WriteHtmlCache Behavior [ RunTime:-0.023097s ]
INFO: Run ShowRuntime Behavior [ RunTime:-0.023220s ]
INFO: [ view_filter ] --END-- [ RunTime:0.000754s ]
INFO: [ view_end ] --START--
INFO: Run ShowPageTrace Behavior [ RunTime:-0.023477s ]
INFO: [ view_end ] --END-- [ RunTime:0.000289s ]

[ 2014-05-06T21:00:34+08:00 ] 0.0.0.0 /OneselfSys/index.php/Personal/Index/tie
INFO: [ route_check ] --START--
INFO: Run CheckRoute Behavior [ RunTime:0.000334s ]
INFO: [ route_check ] --END-- [ RunTime:0.000371s ]
INFO: [ app_begin ] --START--
INFO: Run ReadHtmlCache Behavior [ RunTime:-0.000148s ]
INFO: [ app_begin ] --END-- [ RunTime:0.000225s ]
INFO: [ view_template ] --START--
INFO: Run LocationTemplate Behavior [ RunTime:-0.000657s ]
INFO: [ view_template ] --END-- [ RunTime:0.000142s ]
INFO: [ view_parse ] --START--
INFO: Run ParseTemplate Behavior [ RunTime:-0.000817s ]
INFO: [ view_parse ] --END-- [ RunTime:0.006379s ]
INFO: [ view_filter ] --START--
INFO: Run ContentReplace Behavior [ RunTime:-0.007226s ]
INFO: Run TokenBuild Behavior [ RunTime:-0.007481s ]
INFO: Run WriteHtmlCache Behavior [ RunTime:-0.007681s ]
INFO: Run ShowRuntime Behavior [ RunTime:-0.007812s ]
INFO: [ view_filter ] --END-- [ RunTime:0.000847s ]
INFO: [ view_end ] --START--
INFO: Run ShowPageTrace Behavior [ RunTime:-0.008110s ]
INFO: [ view_end ] --END-- [ RunTime:0.000349s ]

[ 2014-05-06T21:00:36+08:00 ] 0.0.0.0 /OneselfSys/index.php/Personal/Index/data
INFO: [ route_check ] --START--
INFO: Run CheckRoute Behavior [ RunTime:0.000342s ]
INFO: [ route_check ] --END-- [ RunTime:0.000380s ]
INFO: [ app_begin ] --START--
INFO: Run ReadHtmlCache Behavior [ RunTime:-0.000137s ]
INFO: [ app_begin ] --END-- [ RunTime:0.000218s ]
INFO: [ view_template ] --START--
INFO: Run LocationTemplate Behavior [ RunTime:-0.000622s ]
INFO: [ view_template ] --END-- [ RunTime:0.000196s ]
INFO: [ view_parse ] --START--
INFO: Run ParseTemplate Behavior [ RunTime:-0.000837s ]
INFO: [ view_parse ] --END-- [ RunTime:0.027729s ]
INFO: [ view_filter ] --START--
INFO: Run ContentReplace Behavior [ RunTime:-0.028589s ]
INFO: Run TokenBuild Behavior [ RunTime:-0.028786s ]
INFO: Run WriteHtmlCache Behavior [ RunTime:-0.028953s ]
INFO: Run ShowRuntime Behavior [ RunTime:-0.029065s ]
INFO: [ view_filter ] --END-- [ RunTime:0.000696s ]
INFO: [ view_end ] --START--
INFO: Run ShowPageTrace Behavior [ RunTime:-0.029330s ]
INFO: [ view_end ] --END-- [ RunTime:0.000298s ]

[ 2014-05-06T21:00:36+08:00 ] 0.0.0.0 /OneselfSys/index.php/Personal/Index/blog
INFO: [ route_check ] --START--
INFO: Run CheckRoute Behavior [ RunTime:0.000347s ]
INFO: [ route_check ] --END-- [ RunTime:0.000388s ]
INFO: [ app_begin ] --START--
INFO: Run ReadHtmlCache Behavior [ RunTime:-0.000158s ]
INFO: [ app_begin ] --END-- [ RunTime:0.000291s ]
INFO: [ view_template ] --START--
INFO: Run LocationTemplate Behavior [ RunTime:-0.000810s ]
INFO: [ view_template ] --END-- [ RunTime:0.000377s ]
INFO: [ view_parse ] --START--
INFO: Run ParseTemplate Behavior [ RunTime:-0.001220s ]
INFO: [ view_parse ] --END-- [ RunTime:0.031684s ]
INFO: [ view_filter ] --START--
INFO: Run ContentReplace Behavior [ RunTime:-0.032925s ]
INFO: Run TokenBuild Behavior [ RunTime:-0.033132s ]
INFO: Run WriteHtmlCache Behavior [ RunTime:-0.033286s ]
INFO: Run ShowRuntime Behavior [ RunTime:-0.033389s ]
INFO: [ view_filter ] --END-- [ RunTime:0.000758s ]
INFO: [ view_end ] --START--
INFO: Run ShowPageTrace Behavior [ RunTime:-0.033720s ]
INFO: [ view_end ] --END-- [ RunTime:0.000259s ]

[ 2014-05-06T21:00:36+08:00 ] 0.0.0.0 /OneselfSys/index.php/Personal/Index/photo
INFO: [ route_check ] --START--
INFO: Run CheckRoute Behavior [ RunTime:0.000347s ]
INFO: [ route_check ] --END-- [ RunTime:0.000390s ]
INFO: [ app_begin ] --START--
INFO: Run ReadHtmlCache Behavior [ RunTime:-0.000162s ]
INFO: [ app_begin ] --END-- [ RunTime:0.000255s ]
INFO: [ view_template ] --START--
INFO: Run LocationTemplate Behavior [ RunTime:-0.000729s ]
INFO: [ view_template ] --END-- [ RunTime:0.000242s ]
INFO: [ view_parse ] --START--
INFO: Run ParseTemplate Behavior [ RunTime:-0.000993s ]
INFO: [ view_parse ] --END-- [ RunTime:0.028725s ]
INFO: [ view_filter ] --START--
INFO: Run ContentReplace Behavior [ RunTime:-0.029739s ]
INFO: Run TokenBuild Behavior [ RunTime:-0.029944s ]
INFO: Run WriteHtmlCache Behavior [ RunTime:-0.030115s ]
INFO: Run ShowRuntime Behavior [ RunTime:-0.030214s ]
INFO: [ view_filter ] --END-- [ RunTime:0.000669s ]
INFO: [ view_end ] --START--
INFO: Run ShowPageTrace Behavior [ RunTime:-0.030435s ]
INFO: [ view_end ] --END-- [ RunTime:0.000250s ]

[ 2014-05-06T21:00:37+08:00 ] 0.0.0.0 /OneselfSys/index.php/Personal/Index/data
INFO: [ route_check ] --START--
INFO: Run CheckRoute Behavior [ RunTime:0.000337s ]
INFO: [ route_check ] --END-- [ RunTime:0.000403s ]
INFO: [ app_begin ] --START--
INFO: Run ReadHtmlCache Behavior [ RunTime:-0.000187s ]
INFO: [ app_begin ] --END-- [ RunTime:0.000221s ]
INFO: [ view_template ] --START--
INFO: Run LocationTemplate Behavior [ RunTime:-0.000753s ]
INFO: [ view_template ] --END-- [ RunTime:0.000145s ]
INFO: [ view_parse ] --START--
INFO: Run ParseTemplate Behavior [ RunTime:-0.000923s ]
INFO: [ view_parse ] --END-- [ RunTime:0.005783s ]
INFO: [ view_filter ] --START--
INFO: Run ContentReplace Behavior [ RunTime:-0.006729s ]
INFO: Run TokenBuild Behavior [ RunTime:-0.006943s ]
INFO: Run WriteHtmlCache Behavior [ RunTime:-0.007114s ]
INFO: Run ShowRuntime Behavior [ RunTime:-0.007212s ]
INFO: [ view_filter ] --END-- [ RunTime:0.000691s ]
INFO: [ view_end ] --START--
INFO: Run ShowPageTrace Behavior [ RunTime:-0.007446s ]
INFO: [ view_end ] --END-- [ RunTime:0.000345s ]

[ 2014-05-06T21:00:41+08:00 ] 0.0.0.0 /OneselfSys/Index.php
INFO: [ app_begin ] --START--
INFO: Run ReadHtmlCache Behavior [ RunTime:0.000230s ]
INFO: [ app_begin ] --END-- [ RunTime:0.000271s ]
INFO: [ view_template ] --START--
INFO: Run LocationTemplate Behavior [ RunTime:-0.000358s ]
INFO: [ view_template ] --END-- [ RunTime:0.000168s ]
INFO: [ view_parse ] --START--
INFO: Run ParseTemplate Behavior [ RunTime:-0.000547s ]
INFO: [ view_parse ] --END-- [ RunTime:0.005698s ]
INFO: [ view_filter ] --START--
INFO: Run ContentReplace Behavior [ RunTime:-0.006262s ]
INFO: Run TokenBuild Behavior [ RunTime:-0.006437s ]
INFO: Run WriteHtmlCache Behavior [ RunTime:-0.006583s ]
INFO: Run ShowRuntime Behavior [ RunTime:-0.006679s ]
INFO: [ view_filter ] --END-- [ RunTime:0.000605s ]
INFO: [ view_end ] --START--
INFO: Run ShowPageTrace Behavior [ RunTime:-0.006893s ]
INFO: [ view_end ] --END-- [ RunTime:0.000252s ]

