[ 2014-08-14T14:34:15+08:00 ] 0.0.0.0 /OneselfSys/
INFO: [ app_begin ] --START--
INFO: Run ReadHtmlCache Behavior [ RunTime:0.010789s ]
INFO: [ app_begin ] --END-- [ RunTime:0.010974s ]
INFO: [ view_template ] --START--
INFO: Run LocationTemplate Behavior [ RunTime:-0.039785s ]
INFO: [ view_template ] --END-- [ RunTime:0.027479s ]
INFO: [ view_parse ] --START--
INFO: Run ParseTemplate Behavior [ RunTime:-0.067326s ]
INFO: [ view_parse ] --END-- [ RunTime:0.171987s ]
INFO: [ view_filter ] --START--
INFO: Run ContentReplace Behavior [ RunTime:-0.239336s ]
INFO: Run TokenBuild Behavior [ RunTime:-0.247922s ]
INFO: Run WriteHtmlCache Behavior [ RunTime:-0.251344s ]
INFO: Run ShowRuntime Behavior [ RunTime:-0.259968s ]
INFO: [ view_filter ] --END-- [ RunTime:0.027330s ]
INFO: [ view_end ] --START--
INFO: Run ShowPageTrace Behavior [ RunTime:-0.266741s ]
INFO: [ view_end ] --END-- [ RunTime:0.007175s ]

[ 2014-08-14T14:34:40+08:00 ] 0.0.0.0 /OneselfSys/index.php/Personal/Index/tie
INFO: [ route_check ] --START--
INFO: Run CheckRoute Behavior [ RunTime:0.000796s ]
INFO: [ route_check ] --END-- [ RunTime:0.000914s ]
INFO: [ app_begin ] --START--
INFO: Run ReadHtmlCache Behavior [ RunTime:-0.000391s ]
INFO: [ app_begin ] --END-- [ RunTime:0.000335s ]
INFO: [ view_template ] --START--
INFO: Run LocationTemplate Behavior [ RunTime:-0.022638s ]
INFO: [ view_template ] --END-- [ RunTime:0.000290s ]
INFO: [ view_parse ] --START--
INFO: Run ParseTemplate Behavior [ RunTime:-0.022956s ]
INFO: [ view_parse ] --END-- [ RunTime:0.007758s ]
INFO: [ view_filter ] --START--
INFO: Run ContentReplace Behavior [ RunTime:-0.030734s ]
INFO: Run TokenBuild Behavior [ RunTime:-0.030975s ]
INFO: Run WriteHtmlCache Behavior [ RunTime:-0.031176s ]
INFO: Run ShowRuntime Behavior [ RunTime:-0.031310s ]
INFO: [ view_filter ] --END-- [ RunTime:0.000839s ]
INFO: [ view_end ] --START--
INFO: Run ShowPageTrace Behavior [ RunTime:-0.031623s ]
INFO: [ view_end ] --END-- [ RunTime:0.000427s ]

[ 2014-08-14T14:34:43+08:00 ] 0.0.0.0 /OneselfSys/Index.php
INFO: [ app_begin ] --START--
INFO: Run ReadHtmlCache Behavior [ RunTime:0.000306s ]
INFO: [ app_begin ] --END-- [ RunTime:0.000410s ]
INFO: [ view_template ] --START--
INFO: Run LocationTemplate Behavior [ RunTime:-0.000609s ]
INFO: [ view_template ] --END-- [ RunTime:0.000220s ]
INFO: [ view_parse ] --START--
INFO: Run ParseTemplate Behavior [ RunTime:-0.000858s ]
INFO: [ view_parse ] --END-- [ RunTime:0.007985s ]
INFO: [ view_filter ] --START--
INFO: Run ContentReplace Behavior [ RunTime:-0.008865s ]
INFO: Run TokenBuild Behavior [ RunTime:-0.009108s ]
INFO: Run WriteHtmlCache Behavior [ RunTime:-0.009302s ]
INFO: Run ShowRuntime Behavior [ RunTime:-0.009433s ]
INFO: [ view_filter ] --END-- [ RunTime:0.000825s ]
INFO: [ view_end ] --START--
INFO: Run ShowPageTrace Behavior [ RunTime:-0.009740s ]
INFO: [ view_end ] --END-- [ RunTime:0.000442s ]

[ 2014-08-14T15:13:53+08:00 ] 0.0.0.0 /OneselfSys/
INFO: [ app_begin ] --START--
INFO: Run ReadHtmlCache Behavior [ RunTime:0.000317s ]
INFO: [ app_begin ] --END-- [ RunTime:0.000419s ]
INFO: [ view_template ] --START--
INFO: Run LocationTemplate Behavior [ RunTime:-0.000602s ]
INFO: [ view_template ] --END-- [ RunTime:0.000216s ]
INFO: [ view_parse ] --START--
INFO: Run ParseTemplate Behavior [ RunTime:-0.000848s ]
INFO: [ view_parse ] --END-- [ RunTime:0.008153s ]
INFO: [ view_filter ] --START--
INFO: Run ContentReplace Behavior [ RunTime:-0.009024s ]
INFO: Run TokenBuild Behavior [ RunTime:-0.009326s ]
INFO: Run WriteHtmlCache Behavior [ RunTime:-0.009527s ]
INFO: Run ShowRuntime Behavior [ RunTime:-0.009663s ]
INFO: [ view_filter ] --END-- [ RunTime:0.000902s ]
INFO: [ view_end ] --START--
INFO: Run ShowPageTrace Behavior [ RunTime:-0.009975s ]
INFO: [ view_end ] --END-- [ RunTime:0.000463s ]

[ 2014-08-14T15:16:23+08:00 ] 0.0.0.0 /
INFO: [ app_begin ] --START--
INFO: Run ReadHtmlCache Behavior [ RunTime:0.000343s ]
INFO: [ app_begin ] --END-- [ RunTime:0.000448s ]
INFO: [ view_template ] --START--
INFO: Run LocationTemplate Behavior [ RunTime:-0.000605s ]
INFO: [ view_template ] --END-- [ RunTime:0.000212s ]
INFO: [ view_parse ] --START--
INFO: Run ParseTemplate Behavior [ RunTime:-0.000846s ]
INFO: [ view_parse ] --END-- [ RunTime:0.008315s ]
INFO: [ view_filter ] --START--
INFO: Run ContentReplace Behavior [ RunTime:-0.009184s ]
INFO: Run TokenBuild Behavior [ RunTime:-0.009431s ]
INFO: Run WriteHtmlCache Behavior [ RunTime:-0.009634s ]
INFO: Run ShowRuntime Behavior [ RunTime:-0.009757s ]
INFO: [ view_filter ] --END-- [ RunTime:0.000821s ]
INFO: [ view_end ] --START--
INFO: Run ShowPageTrace Behavior [ RunTime:-0.010056s ]
INFO: [ view_end ] --END-- [ RunTime:0.000432s ]

[ 2014-08-14T15:17:02+08:00 ] 172.16.21.2 /
INFO: [ app_begin ] --START--
INFO: Run ReadHtmlCache Behavior [ RunTime:0.000307s ]
INFO: [ app_begin ] --END-- [ RunTime:0.000408s ]
INFO: [ view_template ] --START--
INFO: Run LocationTemplate Behavior [ RunTime:-0.000726s ]
INFO: [ view_template ] --END-- [ RunTime:0.000210s ]
INFO: [ view_parse ] --START--
INFO: Run ParseTemplate Behavior [ RunTime:-0.000966s ]
INFO: [ view_parse ] --END-- [ RunTime:0.007918s ]
INFO: [ view_filter ] --START--
INFO: Run ContentReplace Behavior [ RunTime:-0.008906s ]
INFO: Run TokenBuild Behavior [ RunTime:-0.009151s ]
INFO: Run WriteHtmlCache Behavior [ RunTime:-0.009352s ]
INFO: Run ShowRuntime Behavior [ RunTime:-0.009473s ]
INFO: [ view_filter ] --END-- [ RunTime:0.000821s ]
INFO: [ view_end ] --START--
INFO: Run ShowPageTrace Behavior [ RunTime:-0.009778s ]
INFO: [ view_end ] --END-- [ RunTime:0.000449s ]

[ 2014-08-14T15:18:08+08:00 ] 172.16.21.2 /
INFO: [ app_begin ] --START--
INFO: Run ReadHtmlCache Behavior [ RunTime:0.000306s ]
INFO: [ app_begin ] --END-- [ RunTime:0.000406s ]
INFO: [ view_template ] --START--
INFO: Run LocationTemplate Behavior [ RunTime:-0.000602s ]
INFO: [ view_template ] --END-- [ RunTime:0.000212s ]
INFO: [ view_parse ] --START--
INFO: Run ParseTemplate Behavior [ RunTime:-0.000851s ]
INFO: [ view_parse ] --END-- [ RunTime:0.022443s ]
INFO: [ view_filter ] --START--
INFO: Run ContentReplace Behavior [ RunTime:-0.023315s ]
INFO: Run TokenBuild Behavior [ RunTime:-0.023590s ]
INFO: Run WriteHtmlCache Behavior [ RunTime:-0.023801s ]
INFO: Run ShowRuntime Behavior [ RunTime:-0.023933s ]
INFO: [ view_filter ] --END-- [ RunTime:0.000873s ]
INFO: [ view_end ] --START--
INFO: Run ShowPageTrace Behavior [ RunTime:-0.024242s ]
INFO: [ view_end ] --END-- [ RunTime:0.000471s ]

[ 2014-08-14T15:18:31+08:00 ] 172.16.21.2 /
INFO: [ app_begin ] --START--
INFO: Run ReadHtmlCache Behavior [ RunTime:0.000303s ]
INFO: [ app_begin ] --END-- [ RunTime:0.000405s ]
INFO: [ view_template ] --START--
INFO: Run LocationTemplate Behavior [ RunTime:-0.000603s ]
INFO: [ view_template ] --END-- [ RunTime:0.000205s ]
INFO: [ view_parse ] --START--
INFO: Run ParseTemplate Behavior [ RunTime:-0.000839s ]
INFO: [ view_parse ] --END-- [ RunTime:0.022073s ]
INFO: [ view_filter ] --START--
INFO: Run ContentReplace Behavior [ RunTime:-0.022939s ]
INFO: Run TokenBuild Behavior [ RunTime:-0.023200s ]
INFO: Run WriteHtmlCache Behavior [ RunTime:-0.023407s ]
INFO: Run ShowRuntime Behavior [ RunTime:-0.023533s ]
INFO: [ view_filter ] --END-- [ RunTime:0.000851s ]
INFO: [ view_end ] --START--
INFO: Run ShowPageTrace Behavior [ RunTime:-0.023842s ]
INFO: [ view_end ] --END-- [ RunTime:0.000468s ]

[ 2014-08-14T15:28:32+08:00 ] 172.16.21.2 /OneselfSys/
INFO: [ app_begin ] --START--
INFO: Run ReadHtmlCache Behavior [ RunTime:0.000317s ]
INFO: [ app_begin ] --END-- [ RunTime:0.000429s ]
INFO: [ view_template ] --START--
INFO: Run LocationTemplate Behavior [ RunTime:-0.000799s ]
INFO: [ view_template ] --END-- [ RunTime:0.000226s ]
INFO: [ view_parse ] --START--
INFO: Run ParseTemplate Behavior [ RunTime:-0.001054s ]
INFO: [ view_parse ] --END-- [ RunTime:0.022305s ]
INFO: [ view_filter ] --START--
INFO: Run ContentReplace Behavior [ RunTime:-0.023386s ]
INFO: Run TokenBuild Behavior [ RunTime:-0.023676s ]
INFO: Run WriteHtmlCache Behavior [ RunTime:-0.023881s ]
INFO: Run ShowRuntime Behavior [ RunTime:-0.024013s ]
INFO: [ view_filter ] --END-- [ RunTime:0.000896s ]
INFO: [ view_end ] --START--
INFO: Run ShowPageTrace Behavior [ RunTime:-0.024331s ]
INFO: [ view_end ] --END-- [ RunTime:0.000454s ]

[ 2014-08-14T15:29:18+08:00 ] 172.16.21.2 /OneselfSys/
INFO: [ app_begin ] --START--
INFO: Run ReadHtmlCache Behavior [ RunTime:0.000515s ]
INFO: [ app_begin ] --END-- [ RunTime:0.000717s ]
INFO: [ view_template ] --START--
INFO: Run LocationTemplate Behavior [ RunTime:-0.000671s ]
INFO: [ view_template ] --END-- [ RunTime:0.000223s ]
INFO: [ view_parse ] --START--
INFO: Run ParseTemplate Behavior [ RunTime:-0.000925s ]
INFO: [ view_parse ] --END-- [ RunTime:0.023663s ]
INFO: [ view_filter ] --START--
INFO: Run ContentReplace Behavior [ RunTime:-0.024616s ]
INFO: Run TokenBuild Behavior [ RunTime:-0.024935s ]
INFO: Run WriteHtmlCache Behavior [ RunTime:-0.025139s ]
INFO: Run ShowRuntime Behavior [ RunTime:-0.025267s ]
INFO: [ view_filter ] --END-- [ RunTime:0.000920s ]
INFO: [ view_end ] --START--
INFO: Run ShowPageTrace Behavior [ RunTime:-0.025591s ]
INFO: [ view_end ] --END-- [ RunTime:0.000487s ]

[ 2014-08-14T15:29:23+08:00 ] 172.16.21.2 /OneselfSys/
INFO: [ app_begin ] --START--
INFO: Run ReadHtmlCache Behavior [ RunTime:0.000341s ]
INFO: [ app_begin ] --END-- [ RunTime:0.000452s ]
INFO: [ view_template ] --START--
INFO: Run LocationTemplate Behavior [ RunTime:-0.000645s ]
INFO: [ view_template ] --END-- [ RunTime:0.000213s ]
INFO: [ view_parse ] --START--
INFO: Run ParseTemplate Behavior [ RunTime:-0.000889s ]
INFO: [ view_parse ] --END-- [ RunTime:0.022599s ]
INFO: [ view_filter ] --START--
INFO: Run ContentReplace Behavior [ RunTime:-0.023516s ]
INFO: Run TokenBuild Behavior [ RunTime:-0.023842s ]
INFO: Run WriteHtmlCache Behavior [ RunTime:-0.024054s ]
INFO: Run ShowRuntime Behavior [ RunTime:-0.024184s ]
INFO: [ view_filter ] --END-- [ RunTime:0.000943s ]
INFO: [ view_end ] --START--
INFO: Run ShowPageTrace Behavior [ RunTime:-0.024515s ]
INFO: [ view_end ] --END-- [ RunTime:0.000484s ]

[ 2014-08-14T15:37:31+08:00 ] 172.16.21.2 /
INFO: [ app_begin ] --START--
INFO: Run ReadHtmlCache Behavior [ RunTime:0.000323s ]
INFO: [ app_begin ] --END-- [ RunTime:0.000426s ]
INFO: [ view_template ] --START--
INFO: Run LocationTemplate Behavior [ RunTime:-0.000669s ]
INFO: [ view_template ] --END-- [ RunTime:0.000236s ]
INFO: [ view_parse ] --START--
INFO: Run ParseTemplate Behavior [ RunTime:-0.000935s ]
INFO: [ view_parse ] --END-- [ RunTime:0.008099s ]
INFO: [ view_filter ] --START--
INFO: Run ContentReplace Behavior [ RunTime:-0.009058s ]
INFO: Run TokenBuild Behavior [ RunTime:-0.009322s ]
INFO: Run WriteHtmlCache Behavior [ RunTime:-0.009522s ]
INFO: Run ShowRuntime Behavior [ RunTime:-0.009649s ]
INFO: [ view_filter ] --END-- [ RunTime:0.000861s ]
INFO: [ view_end ] --START--
INFO: Run ShowPageTrace Behavior [ RunTime:-0.009974s ]
INFO: [ view_end ] --END-- [ RunTime:0.000474s ]

[ 2014-08-14T15:44:04+08:00 ] 172.16.21.2 /
INFO: [ app_begin ] --START--
INFO: Run ReadHtmlCache Behavior [ RunTime:0.000329s ]
INFO: [ app_begin ] --END-- [ RunTime:0.000436s ]
INFO: [ view_template ] --START--
INFO: Run LocationTemplate Behavior [ RunTime:-0.000693s ]
INFO: [ view_template ] --END-- [ RunTime:0.000266s ]
INFO: [ view_parse ] --START--
INFO: Run ParseTemplate Behavior [ RunTime:-0.000988s ]
INFO: [ view_parse ] --END-- [ RunTime:0.008616s ]
INFO: [ view_filter ] --START--
INFO: Run ContentReplace Behavior [ RunTime:-0.009628s ]
INFO: Run TokenBuild Behavior [ RunTime:-0.010131s ]
INFO: Run WriteHtmlCache Behavior [ RunTime:-0.010383s ]
INFO: Run ShowRuntime Behavior [ RunTime:-0.010865s ]
INFO: [ view_filter ] --END-- [ RunTime:0.001560s ]
INFO: [ view_end ] --START--
INFO: Run ShowPageTrace Behavior [ RunTime:-0.011246s ]
INFO: [ view_end ] --END-- [ RunTime:0.000507s ]

[ 2014-08-14T15:44:26+08:00 ] 172.16.21.2 /index.php/index/index/shuo
INFO: [ route_check ] --START--
INFO: Run CheckRoute Behavior [ RunTime:0.000518s ]
INFO: [ route_check ] --END-- [ RunTime:0.000630s ]
INFO: [ app_begin ] --START--
INFO: Run ReadHtmlCache Behavior [ RunTime:-0.000358s ]
INFO: [ app_begin ] --END-- [ RunTime:0.000368s ]
INFO: [ view_template ] --START--
INFO: Run LocationTemplate Behavior [ RunTime:-0.001247s ]
INFO: [ view_template ] --END-- [ RunTime:0.000218s ]
INFO: [ view_parse ] --START--
INFO: Run ParseTemplate Behavior [ RunTime:-0.001497s ]
INFO: [ view_parse ] --END-- [ RunTime:0.030656s ]
INFO: [ view_filter ] --START--
INFO: Run ContentReplace Behavior [ RunTime:-0.032176s ]
INFO: Run TokenBuild Behavior [ RunTime:-0.032442s ]
INFO: Run WriteHtmlCache Behavior [ RunTime:-0.032634s ]
INFO: Run ShowRuntime Behavior [ RunTime:-0.032761s ]
INFO: [ view_filter ] --END-- [ RunTime:0.000864s ]
INFO: [ view_end ] --START--
INFO: Run ShowPageTrace Behavior [ RunTime:-0.033087s ]
INFO: [ view_end ] --END-- [ RunTime:0.000462s ]

[ 2014-08-14T15:44:28+08:00 ] 172.16.21.2 /index.php/index/index/leave_word
INFO: [ route_check ] --START--
INFO: Run CheckRoute Behavior [ RunTime:0.000598s ]
INFO: [ route_check ] --END-- [ RunTime:0.000722s ]
INFO: [ app_begin ] --START--
INFO: Run ReadHtmlCache Behavior [ RunTime:-0.000391s ]
INFO: [ app_begin ] --END-- [ RunTime:0.000346s ]
INFO: [ view_template ] --START--
INFO: Run LocationTemplate Behavior [ RunTime:-0.001268s ]
INFO: [ view_template ] --END-- [ RunTime:0.000225s ]
INFO: [ view_parse ] --START--
INFO: Run ParseTemplate Behavior [ RunTime:-0.001525s ]
INFO: [ view_parse ] --END-- [ RunTime:0.041227s ]
INFO: [ view_filter ] --START--
INFO: Run ContentReplace Behavior [ RunTime:-0.042777s ]
INFO: Run TokenBuild Behavior [ RunTime:-0.043023s ]
INFO: Run WriteHtmlCache Behavior [ RunTime:-0.043214s ]
INFO: Run ShowRuntime Behavior [ RunTime:-0.043344s ]
INFO: [ view_filter ] --END-- [ RunTime:0.000846s ]
INFO: [ view_end ] --START--
INFO: Run ShowPageTrace Behavior [ RunTime:-0.043670s ]
INFO: [ view_end ] --END-- [ RunTime:0.000431s ]

[ 2014-08-14T15:44:29+08:00 ] 172.16.21.2 /index.php/index/index/blog
INFO: [ route_check ] --START--
INFO: Run CheckRoute Behavior [ RunTime:0.000393s ]
INFO: [ route_check ] --END-- [ RunTime:0.000443s ]
INFO: [ app_begin ] --START--
INFO: Run ReadHtmlCache Behavior [ RunTime:-0.000185s ]
INFO: [ app_begin ] --END-- [ RunTime:0.000285s ]
INFO: [ view_template ] --START--
INFO: Run LocationTemplate Behavior [ RunTime:-0.000815s ]
INFO: [ view_template ] --END-- [ RunTime:0.000192s ]
INFO: [ view_parse ] --START--
INFO: Run ParseTemplate Behavior [ RunTime:-0.001030s ]
INFO: [ view_parse ] --END-- [ RunTime:0.027418s ]
INFO: [ view_filter ] --START--
INFO: Run ContentReplace Behavior [ RunTime:-0.028474s ]
INFO: Run TokenBuild Behavior [ RunTime:-0.028688s ]
INFO: Run WriteHtmlCache Behavior [ RunTime:-0.028875s ]
INFO: Run ShowRuntime Behavior [ RunTime:-0.028999s ]
INFO: [ view_filter ] --END-- [ RunTime:0.000780s ]
INFO: [ view_end ] --START--
INFO: Run ShowPageTrace Behavior [ RunTime:-0.029292s ]
INFO: [ view_end ] --END-- [ RunTime:0.000333s ]

[ 2014-08-14T15:44:30+08:00 ] 172.16.21.2 /index.php/index/index/shuo
INFO: [ route_check ] --START--
INFO: Run CheckRoute Behavior [ RunTime:0.000399s ]
INFO: [ route_check ] --END-- [ RunTime:0.000451s ]
INFO: [ app_begin ] --START--
INFO: Run ReadHtmlCache Behavior [ RunTime:-0.000186s ]
INFO: [ app_begin ] --END-- [ RunTime:0.000288s ]
INFO: [ view_template ] --START--
INFO: Run LocationTemplate Behavior [ RunTime:-0.000827s ]
INFO: [ view_template ] --END-- [ RunTime:0.000183s ]
INFO: [ view_parse ] --START--
INFO: Run ParseTemplate Behavior [ RunTime:-0.001034s ]
INFO: [ view_parse ] --END-- [ RunTime:0.006866s ]
INFO: [ view_filter ] --START--
INFO: Run ContentReplace Behavior [ RunTime:-0.007925s ]
INFO: Run TokenBuild Behavior [ RunTime:-0.008146s ]
INFO: Run WriteHtmlCache Behavior [ RunTime:-0.008330s ]
INFO: Run ShowRuntime Behavior [ RunTime:-0.008450s ]
INFO: [ view_filter ] --END-- [ RunTime:0.000768s ]
INFO: [ view_end ] --START--
INFO: Run ShowPageTrace Behavior [ RunTime:-0.008728s ]
INFO: [ view_end ] --END-- [ RunTime:0.000318s ]

[ 2014-08-14T15:44:31+08:00 ] 172.16.21.2 /index.php/index/index/shuo
INFO: [ route_check ] --START--
INFO: Run CheckRoute Behavior [ RunTime:0.000396s ]
INFO: [ route_check ] --END-- [ RunTime:0.000447s ]
INFO: [ app_begin ] --START--
INFO: Run ReadHtmlCache Behavior [ RunTime:-0.000190s ]
INFO: [ app_begin ] --END-- [ RunTime:0.000284s ]
INFO: [ view_template ] --START--
INFO: Run LocationTemplate Behavior [ RunTime:-0.000824s ]
INFO: [ view_template ] --END-- [ RunTime:0.000180s ]
INFO: [ view_parse ] --START--
INFO: Run ParseTemplate Behavior [ RunTime:-0.001028s ]
INFO: [ view_parse ] --END-- [ RunTime:0.006725s ]
INFO: [ view_filter ] --START--
INFO: Run ContentReplace Behavior [ RunTime:-0.007779s ]
INFO: Run TokenBuild Behavior [ RunTime:-0.008001s ]
INFO: Run WriteHtmlCache Behavior [ RunTime:-0.008185s ]
INFO: Run ShowRuntime Behavior [ RunTime:-0.008307s ]
INFO: [ view_filter ] --END-- [ RunTime:0.000772s ]
INFO: [ view_end ] --START--
INFO: Run ShowPageTrace Behavior [ RunTime:-0.008584s ]
INFO: [ view_end ] --END-- [ RunTime:0.000321s ]

[ 2014-08-14T15:44:32+08:00 ] 172.16.21.2 /Index.php
INFO: [ app_begin ] --START--
INFO: Run ReadHtmlCache Behavior [ RunTime:0.000263s ]
INFO: [ app_begin ] --END-- [ RunTime:0.000311s ]
INFO: [ view_template ] --START--
INFO: Run LocationTemplate Behavior [ RunTime:-0.000388s ]
INFO: [ view_template ] --END-- [ RunTime:0.000184s ]
INFO: [ view_parse ] --START--
INFO: Run ParseTemplate Behavior [ RunTime:-0.000595s ]
INFO: [ view_parse ] --END-- [ RunTime:0.007231s ]
INFO: [ view_filter ] --START--
INFO: Run ContentReplace Behavior [ RunTime:-0.007853s ]
INFO: Run TokenBuild Behavior [ RunTime:-0.008130s ]
INFO: Run WriteHtmlCache Behavior [ RunTime:-0.008319s ]
INFO: Run ShowRuntime Behavior [ RunTime:-0.008439s ]
INFO: [ view_filter ] --END-- [ RunTime:0.000899s ]
INFO: [ view_end ] --START--
INFO: Run ShowPageTrace Behavior [ RunTime:-0.008799s ]
INFO: [ view_end ] --END-- [ RunTime:0.000349s ]

[ 2014-08-14T15:44:32+08:00 ] 172.16.21.2 /Index.php/index/index/shuo
INFO: [ route_check ] --START--
INFO: Run CheckRoute Behavior [ RunTime:0.000396s ]
INFO: [ route_check ] --END-- [ RunTime:0.000446s ]
INFO: [ app_begin ] --START--
INFO: Run ReadHtmlCache Behavior [ RunTime:-0.000184s ]
INFO: [ app_begin ] --END-- [ RunTime:0.000288s ]
INFO: [ view_template ] --START--
INFO: Run LocationTemplate Behavior [ RunTime:-0.000832s ]
INFO: [ view_template ] --END-- [ RunTime:0.000187s ]
INFO: [ view_parse ] --START--
INFO: Run ParseTemplate Behavior [ RunTime:-0.001042s ]
INFO: [ view_parse ] --END-- [ RunTime:0.006880s ]
INFO: [ view_filter ] --START--
INFO: Run ContentReplace Behavior [ RunTime:-0.007949s ]
INFO: Run TokenBuild Behavior [ RunTime:-0.008169s ]
INFO: Run WriteHtmlCache Behavior [ RunTime:-0.008355s ]
INFO: Run ShowRuntime Behavior [ RunTime:-0.008476s ]
INFO: [ view_filter ] --END-- [ RunTime:0.000771s ]
INFO: [ view_end ] --START--
INFO: Run ShowPageTrace Behavior [ RunTime:-0.008755s ]
INFO: [ view_end ] --END-- [ RunTime:0.000363s ]

[ 2014-08-14T15:47:05+08:00 ] 172.16.24.26 /
INFO: [ app_begin ] --START--
INFO: Run ReadHtmlCache Behavior [ RunTime:0.000313s ]
INFO: [ app_begin ] --END-- [ RunTime:0.000418s ]
INFO: [ view_template ] --START--
INFO: Run LocationTemplate Behavior [ RunTime:-0.000761s ]
INFO: [ view_template ] --END-- [ RunTime:0.000211s ]
INFO: [ view_parse ] --START--
INFO: Run ParseTemplate Behavior [ RunTime:-0.001001s ]
INFO: [ view_parse ] --END-- [ RunTime:0.007987s ]
INFO: [ view_filter ] --START--
INFO: Run ContentReplace Behavior [ RunTime:-0.009011s ]
INFO: Run TokenBuild Behavior [ RunTime:-0.009267s ]
INFO: Run WriteHtmlCache Behavior [ RunTime:-0.009463s ]
INFO: Run ShowRuntime Behavior [ RunTime:-0.009583s ]
INFO: [ view_filter ] --END-- [ RunTime:0.000840s ]
INFO: [ view_end ] --START--
INFO: Run ShowPageTrace Behavior [ RunTime:-0.009903s ]
INFO: [ view_end ] --END-- [ RunTime:0.000445s ]

[ 2014-08-14T15:47:25+08:00 ] 172.16.24.26 /
INFO: [ app_begin ] --START--
INFO: Run ReadHtmlCache Behavior [ RunTime:0.000268s ]
INFO: [ app_begin ] --END-- [ RunTime:0.000314s ]
INFO: [ view_template ] --START--
INFO: Run LocationTemplate Behavior [ RunTime:-0.000397s ]
INFO: [ view_template ] --END-- [ RunTime:0.000188s ]
INFO: [ view_parse ] --START--
INFO: Run ParseTemplate Behavior [ RunTime:-0.000608s ]
INFO: [ view_parse ] --END-- [ RunTime:0.007263s ]
INFO: [ view_filter ] --START--
INFO: Run ContentReplace Behavior [ RunTime:-0.007896s ]
INFO: Run TokenBuild Behavior [ RunTime:-0.008124s ]
INFO: Run WriteHtmlCache Behavior [ RunTime:-0.008313s ]
INFO: Run ShowRuntime Behavior [ RunTime:-0.008434s ]
INFO: [ view_filter ] --END-- [ RunTime:0.000780s ]
INFO: [ view_end ] --START--
INFO: Run ShowPageTrace Behavior [ RunTime:-0.008712s ]
INFO: [ view_end ] --END-- [ RunTime:0.000331s ]

[ 2014-08-14T15:48:16+08:00 ] 172.16.24.26 /index.php/Personal/Index/tie
INFO: [ route_check ] --START--
INFO: Run CheckRoute Behavior [ RunTime:0.000479s ]
INFO: [ route_check ] --END-- [ RunTime:0.000634s ]
INFO: [ app_begin ] --START--
INFO: Run ReadHtmlCache Behavior [ RunTime:-0.000402s ]
INFO: [ app_begin ] --END-- [ RunTime:0.000326s ]
INFO: [ view_template ] --START--
INFO: Run LocationTemplate Behavior [ RunTime:-0.001244s ]
INFO: [ view_template ] --END-- [ RunTime:0.000225s ]
INFO: [ view_parse ] --START--
INFO: Run ParseTemplate Behavior [ RunTime:-0.001499s ]
INFO: [ view_parse ] --END-- [ RunTime:0.007266s ]
INFO: [ view_filter ] --START--
INFO: Run ContentReplace Behavior [ RunTime:-0.008786s ]
INFO: Run TokenBuild Behavior [ RunTime:-0.009034s ]
INFO: Run WriteHtmlCache Behavior [ RunTime:-0.009227s ]
INFO: Run ShowRuntime Behavior [ RunTime:-0.009351s ]
INFO: [ view_filter ] --END-- [ RunTime:0.000841s ]
INFO: [ view_end ] --START--
INFO: Run ShowPageTrace Behavior [ RunTime:-0.009676s ]
INFO: [ view_end ] --END-- [ RunTime:0.000444s ]

[ 2014-08-14T15:48:19+08:00 ] 172.16.24.26 /index.php/Personal/Index/blog
INFO: [ route_check ] --START--
INFO: Run CheckRoute Behavior [ RunTime:0.000421s ]
INFO: [ route_check ] --END-- [ RunTime:0.000468s ]
INFO: [ app_begin ] --START--
INFO: Run ReadHtmlCache Behavior [ RunTime:-0.000196s ]
INFO: [ app_begin ] --END-- [ RunTime:0.000288s ]
INFO: [ view_template ] --START--
INFO: Run LocationTemplate Behavior [ RunTime:-0.000825s ]
INFO: [ view_template ] --END-- [ RunTime:0.000181s ]
INFO: [ view_parse ] --START--
INFO: Run ParseTemplate Behavior [ RunTime:-0.001029s ]
INFO: [ view_parse ] --END-- [ RunTime:0.029918s ]
INFO: [ view_filter ] --START--
INFO: Run ContentReplace Behavior [ RunTime:-0.030973s ]
INFO: Run TokenBuild Behavior [ RunTime:-0.031191s ]
INFO: Run WriteHtmlCache Behavior [ RunTime:-0.031376s ]
INFO: Run ShowRuntime Behavior [ RunTime:-0.031497s ]
INFO: [ view_filter ] --END-- [ RunTime:0.000769s ]
INFO: [ view_end ] --START--
INFO: Run ShowPageTrace Behavior [ RunTime:-0.031777s ]
INFO: [ view_end ] --END-- [ RunTime:0.000322s ]

[ 2014-08-14T15:48:19+08:00 ] 172.16.24.26 /index.php/Personal/Index/data
INFO: [ route_check ] --START--
INFO: Run CheckRoute Behavior [ RunTime:0.000393s ]
INFO: [ route_check ] --END-- [ RunTime:0.000444s ]
INFO: [ app_begin ] --START--
INFO: Run ReadHtmlCache Behavior [ RunTime:-0.000186s ]
INFO: [ app_begin ] --END-- [ RunTime:0.000291s ]
INFO: [ view_template ] --START--
INFO: Run LocationTemplate Behavior [ RunTime:-0.000820s ]
INFO: [ view_template ] --END-- [ RunTime:0.000192s ]
INFO: [ view_parse ] --START--
INFO: Run ParseTemplate Behavior [ RunTime:-0.001035s ]
INFO: [ view_parse ] --END-- [ RunTime:0.028206s ]
INFO: [ view_filter ] --START--
INFO: Run ContentReplace Behavior [ RunTime:-0.029268s ]
INFO: Run TokenBuild Behavior [ RunTime:-0.029487s ]
INFO: Run WriteHtmlCache Behavior [ RunTime:-0.029672s ]
INFO: Run ShowRuntime Behavior [ RunTime:-0.029795s ]
INFO: [ view_filter ] --END-- [ RunTime:0.000771s ]
INFO: [ view_end ] --START--
INFO: Run ShowPageTrace Behavior [ RunTime:-0.030074s ]
INFO: [ view_end ] --END-- [ RunTime:0.000325s ]

[ 2014-08-14T15:48:20+08:00 ] 172.16.24.26 /index.php/Personal/Index/blog
INFO: [ route_check ] --START--
INFO: Run CheckRoute Behavior [ RunTime:0.000392s ]
INFO: [ route_check ] --END-- [ RunTime:0.000439s ]
INFO: [ app_begin ] --START--
INFO: Run ReadHtmlCache Behavior [ RunTime:-0.000181s ]
INFO: [ app_begin ] --END-- [ RunTime:0.000288s ]
INFO: [ view_template ] --START--
INFO: Run LocationTemplate Behavior [ RunTime:-0.000809s ]
INFO: [ view_template ] --END-- [ RunTime:0.000181s ]
INFO: [ view_parse ] --START--
INFO: Run ParseTemplate Behavior [ RunTime:-0.001015s ]
INFO: [ view_parse ] --END-- [ RunTime:0.006577s ]
INFO: [ view_filter ] --START--
INFO: Run ContentReplace Behavior [ RunTime:-0.007617s ]
INFO: Run TokenBuild Behavior [ RunTime:-0.007833s ]
INFO: Run WriteHtmlCache Behavior [ RunTime:-0.008017s ]
INFO: Run ShowRuntime Behavior [ RunTime:-0.008138s ]
INFO: [ view_filter ] --END-- [ RunTime:0.000763s ]
INFO: [ view_end ] --START--
INFO: Run ShowPageTrace Behavior [ RunTime:-0.008415s ]
INFO: [ view_end ] --END-- [ RunTime:0.000321s ]

[ 2014-08-14T15:48:20+08:00 ] 172.16.24.26 /index.php/Personal/Index/UpdPto
INFO: [ route_check ] --START--
INFO: Run CheckRoute Behavior [ RunTime:0.000391s ]
INFO: [ route_check ] --END-- [ RunTime:0.000442s ]
INFO: [ app_begin ] --START--
INFO: Run ReadHtmlCache Behavior [ RunTime:-0.000185s ]
INFO: [ app_begin ] --END-- [ RunTime:0.000289s ]
INFO: [ view_template ] --START--
INFO: Run LocationTemplate Behavior [ RunTime:-0.000815s ]
INFO: [ view_template ] --END-- [ RunTime:0.000194s ]
INFO: [ view_parse ] --START--
INFO: Run ParseTemplate Behavior [ RunTime:-0.001034s ]
INFO: [ view_parse ] --END-- [ RunTime:0.025383s ]
INFO: [ view_filter ] --START--
INFO: Run ContentReplace Behavior [ RunTime:-0.026442s ]
INFO: Run TokenBuild Behavior [ RunTime:-0.026662s ]
INFO: Run WriteHtmlCache Behavior [ RunTime:-0.026848s ]
INFO: Run ShowRuntime Behavior [ RunTime:-0.026969s ]
INFO: [ view_filter ] --END-- [ RunTime:0.000770s ]
INFO: [ view_end ] --START--
INFO: Run ShowPageTrace Behavior [ RunTime:-0.027247s ]
INFO: [ view_end ] --END-- [ RunTime:0.000323s ]

[ 2014-08-14T15:48:21+08:00 ] 172.16.24.26 /index.php/Personal/Index/UpdPto
INFO: [ route_check ] --START--
INFO: Run CheckRoute Behavior [ RunTime:0.000390s ]
INFO: [ route_check ] --END-- [ RunTime:0.000438s ]
INFO: [ app_begin ] --START--
INFO: Run ReadHtmlCache Behavior [ RunTime:-0.000181s ]
INFO: [ app_begin ] --END-- [ RunTime:0.000285s ]
INFO: [ view_template ] --START--
INFO: Run LocationTemplate Behavior [ RunTime:-0.000807s ]
INFO: [ view_template ] --END-- [ RunTime:0.000182s ]
INFO: [ view_parse ] --START--
INFO: Run ParseTemplate Behavior [ RunTime:-0.001011s ]
INFO: [ view_parse ] --END-- [ RunTime:0.006294s ]
INFO: [ view_filter ] --START--
INFO: Run ContentReplace Behavior [ RunTime:-0.007330s ]
INFO: Run TokenBuild Behavior [ RunTime:-0.007544s ]
INFO: Run WriteHtmlCache Behavior [ RunTime:-0.007727s ]
INFO: Run ShowRuntime Behavior [ RunTime:-0.007848s ]
INFO: [ view_filter ] --END-- [ RunTime:0.000756s ]
INFO: [ view_end ] --START--
INFO: Run ShowPageTrace Behavior [ RunTime:-0.008121s ]
INFO: [ view_end ] --END-- [ RunTime:0.000319s ]

[ 2014-08-14T15:48:21+08:00 ] 172.16.24.26 /index.php/Personal/Index/photo
INFO: [ route_check ] --START--
INFO: Run CheckRoute Behavior [ RunTime:0.000389s ]
INFO: [ route_check ] --END-- [ RunTime:0.000438s ]
INFO: [ app_begin ] --START--
INFO: Run ReadHtmlCache Behavior [ RunTime:-0.000182s ]
INFO: [ app_begin ] --END-- [ RunTime:0.000288s ]
INFO: [ view_template ] --START--
INFO: Run LocationTemplate Behavior [ RunTime:-0.000808s ]
INFO: [ view_template ] --END-- [ RunTime:0.000192s ]
INFO: [ view_parse ] --START--
INFO: Run ParseTemplate Behavior [ RunTime:-0.001023s ]
INFO: [ view_parse ] --END-- [ RunTime:0.025761s ]
INFO: [ view_filter ] --START--
INFO: Run ContentReplace Behavior [ RunTime:-0.026810s ]
INFO: Run TokenBuild Behavior [ RunTime:-0.027026s ]
INFO: Run WriteHtmlCache Behavior [ RunTime:-0.027210s ]
INFO: Run ShowRuntime Behavior [ RunTime:-0.027330s ]
INFO: [ view_filter ] --END-- [ RunTime:0.000763s ]
INFO: [ view_end ] --START--
INFO: Run ShowPageTrace Behavior [ RunTime:-0.027608s ]
INFO: [ view_end ] --END-- [ RunTime:0.000323s ]

[ 2014-08-14T15:48:22+08:00 ] 172.16.24.26 /index.php/Personal/Index/blog
INFO: [ route_check ] --START--
INFO: Run CheckRoute Behavior [ RunTime:0.000423s ]
INFO: [ route_check ] --END-- [ RunTime:0.000471s ]
INFO: [ app_begin ] --START--
INFO: Run ReadHtmlCache Behavior [ RunTime:-0.000204s ]
INFO: [ app_begin ] --END-- [ RunTime:0.000292s ]
INFO: [ view_template ] --START--
INFO: Run LocationTemplate Behavior [ RunTime:-0.000848s ]
INFO: [ view_template ] --END-- [ RunTime:0.000187s ]
INFO: [ view_parse ] --START--
INFO: Run ParseTemplate Behavior [ RunTime:-0.001059s ]
INFO: [ view_parse ] --END-- [ RunTime:0.006668s ]
INFO: [ view_filter ] --START--
INFO: Run ContentReplace Behavior [ RunTime:-0.007752s ]
INFO: Run TokenBuild Behavior [ RunTime:-0.007972s ]
INFO: Run WriteHtmlCache Behavior [ RunTime:-0.008160s ]
INFO: Run ShowRuntime Behavior [ RunTime:-0.008286s ]
INFO: [ view_filter ] --END-- [ RunTime:0.000779s ]
INFO: [ view_end ] --START--
INFO: Run ShowPageTrace Behavior [ RunTime:-0.008567s ]
INFO: [ view_end ] --END-- [ RunTime:0.000324s ]

[ 2014-08-14T15:48:22+08:00 ] 172.16.24.26 /index.php/Personal/Index/data
INFO: [ route_check ] --START--
INFO: Run CheckRoute Behavior [ RunTime:0.000391s ]
INFO: [ route_check ] --END-- [ RunTime:0.000438s ]
INFO: [ app_begin ] --START--
INFO: Run ReadHtmlCache Behavior [ RunTime:-0.000180s ]
INFO: [ app_begin ] --END-- [ RunTime:0.000287s ]
INFO: [ view_template ] --START--
INFO: Run LocationTemplate Behavior [ RunTime:-0.000806s ]
INFO: [ view_template ] --END-- [ RunTime:0.000180s ]
INFO: [ view_parse ] --START--
INFO: Run ParseTemplate Behavior [ RunTime:-0.001010s ]
INFO: [ view_parse ] --END-- [ RunTime:0.007010s ]
INFO: [ view_filter ] --START--
INFO: Run ContentReplace Behavior [ RunTime:-0.008046s ]
INFO: Run TokenBuild Behavior [ RunTime:-0.008259s ]
INFO: Run WriteHtmlCache Behavior [ RunTime:-0.008442s ]
INFO: Run ShowRuntime Behavior [ RunTime:-0.008562s ]
INFO: [ view_filter ] --END-- [ RunTime:0.000758s ]
INFO: [ view_end ] --START--
INFO: Run ShowPageTrace Behavior [ RunTime:-0.008838s ]
INFO: [ view_end ] --END-- [ RunTime:0.000320s ]

[ 2014-08-14T15:48:23+08:00 ] 172.16.24.26 /index.php/Personal/Index/tie
INFO: [ route_check ] --START--
INFO: Run CheckRoute Behavior [ RunTime:0.000392s ]
INFO: [ route_check ] --END-- [ RunTime:0.000440s ]
INFO: [ app_begin ] --START--
INFO: Run ReadHtmlCache Behavior [ RunTime:-0.000182s ]
INFO: [ app_begin ] --END-- [ RunTime:0.000286s ]
INFO: [ view_template ] --START--
INFO: Run LocationTemplate Behavior [ RunTime:-0.000805s ]
INFO: [ view_template ] --END-- [ RunTime:0.000181s ]
INFO: [ view_parse ] --START--
INFO: Run ParseTemplate Behavior [ RunTime:-0.001011s ]
INFO: [ view_parse ] --END-- [ RunTime:0.006388s ]
INFO: [ view_filter ] --START--
INFO: Run ContentReplace Behavior [ RunTime:-0.007424s ]
INFO: Run TokenBuild Behavior [ RunTime:-0.007636s ]
INFO: Run WriteHtmlCache Behavior [ RunTime:-0.007820s ]
INFO: Run ShowRuntime Behavior [ RunTime:-0.007939s ]
INFO: [ view_filter ] --END-- [ RunTime:0.000755s ]
INFO: [ view_end ] --START--
INFO: Run ShowPageTrace Behavior [ RunTime:-0.008214s ]
INFO: [ view_end ] --END-- [ RunTime:0.000319s ]

[ 2014-08-14T15:48:25+08:00 ] 172.16.24.26 /index.php/Personal/Index/Updpto
INFO: [ route_check ] --START--
INFO: Run CheckRoute Behavior [ RunTime:0.000391s ]
INFO: [ route_check ] --END-- [ RunTime:0.000438s ]
INFO: [ app_begin ] --START--
INFO: Run ReadHtmlCache Behavior [ RunTime:-0.000181s ]
INFO: [ app_begin ] --END-- [ RunTime:0.000285s ]
INFO: [ view_template ] --START--
INFO: Run LocationTemplate Behavior [ RunTime:-0.000805s ]
INFO: [ view_template ] --END-- [ RunTime:0.000182s ]
INFO: [ view_parse ] --START--
INFO: Run ParseTemplate Behavior [ RunTime:-0.001011s ]
INFO: [ view_parse ] --END-- [ RunTime:0.006384s ]
INFO: [ view_filter ] --START--
INFO: Run ContentReplace Behavior [ RunTime:-0.007422s ]
INFO: Run TokenBuild Behavior [ RunTime:-0.007655s ]
INFO: Run WriteHtmlCache Behavior [ RunTime:-0.007847s ]
INFO: Run ShowRuntime Behavior [ RunTime:-0.007976s ]
INFO: [ view_filter ] --END-- [ RunTime:0.000800s ]
INFO: [ view_end ] --START--
INFO: Run ShowPageTrace Behavior [ RunTime:-0.008258s ]
INFO: [ view_end ] --END-- [ RunTime:0.000328s ]

[ 2014-08-14T15:48:31+08:00 ] 172.16.24.26 /index.php/Personal/Index/tie
INFO: [ route_check ] --START--
INFO: Run CheckRoute Behavior [ RunTime:0.000402s ]
INFO: [ route_check ] --END-- [ RunTime:0.000450s ]
INFO: [ app_begin ] --START--
INFO: Run ReadHtmlCache Behavior [ RunTime:-0.000202s ]
INFO: [ app_begin ] --END-- [ RunTime:0.000293s ]
INFO: [ view_template ] --START--
INFO: Run LocationTemplate Behavior [ RunTime:-0.000853s ]
INFO: [ view_template ] --END-- [ RunTime:0.000186s ]
INFO: [ view_parse ] --START--
INFO: Run ParseTemplate Behavior [ RunTime:-0.001062s ]
INFO: [ view_parse ] --END-- [ RunTime:0.006599s ]
INFO: [ view_filter ] --START--
INFO: Run ContentReplace Behavior [ RunTime:-0.007687s ]
INFO: Run TokenBuild Behavior [ RunTime:-0.007907s ]
INFO: Run WriteHtmlCache Behavior [ RunTime:-0.008095s ]
INFO: Run ShowRuntime Behavior [ RunTime:-0.008218s ]
INFO: [ view_filter ] --END-- [ RunTime:0.000776s ]
INFO: [ view_end ] --START--
INFO: Run ShowPageTrace Behavior [ RunTime:-0.008499s ]
INFO: [ view_end ] --END-- [ RunTime:0.000323s ]

[ 2014-08-14T15:48:36+08:00 ] 172.16.24.26 /index.php/Personal/Index/data
INFO: [ route_check ] --START--
INFO: Run CheckRoute Behavior [ RunTime:0.000472s ]
INFO: [ route_check ] --END-- [ RunTime:0.000582s ]
INFO: [ app_begin ] --START--
INFO: Run ReadHtmlCache Behavior [ RunTime:-0.000359s ]
INFO: [ app_begin ] --END-- [ RunTime:0.000323s ]
INFO: [ view_template ] --START--
INFO: Run LocationTemplate Behavior [ RunTime:-0.001186s ]
INFO: [ view_template ] --END-- [ RunTime:0.000207s ]
INFO: [ view_parse ] --START--
INFO: Run ParseTemplate Behavior [ RunTime:-0.001425s ]
INFO: [ view_parse ] --END-- [ RunTime:0.008098s ]
INFO: [ view_filter ] --START--
INFO: Run ContentReplace Behavior [ RunTime:-0.009546s ]
INFO: Run TokenBuild Behavior [ RunTime:-0.009792s ]
INFO: Run WriteHtmlCache Behavior [ RunTime:-0.009983s ]
INFO: Run ShowRuntime Behavior [ RunTime:-0.010108s ]
INFO: [ view_filter ] --END-- [ RunTime:0.000836s ]
INFO: [ view_end ] --START--
INFO: Run ShowPageTrace Behavior [ RunTime:-0.010431s ]
INFO: [ view_end ] --END-- [ RunTime:0.000503s ]

[ 2014-08-14T15:48:38+08:00 ] 172.16.24.26 /Index.php
INFO: [ app_begin ] --START--
INFO: Run ReadHtmlCache Behavior [ RunTime:0.000260s ]
INFO: [ app_begin ] --END-- [ RunTime:0.000305s ]
INFO: [ view_template ] --START--
INFO: Run LocationTemplate Behavior [ RunTime:-0.000400s ]
INFO: [ view_template ] --END-- [ RunTime:0.000183s ]
INFO: [ view_parse ] --START--
INFO: Run ParseTemplate Behavior [ RunTime:-0.000607s ]
INFO: [ view_parse ] --END-- [ RunTime:0.007198s ]
INFO: [ view_filter ] --START--
INFO: Run ContentReplace Behavior [ RunTime:-0.007829s ]
INFO: Run TokenBuild Behavior [ RunTime:-0.008051s ]
INFO: Run WriteHtmlCache Behavior [ RunTime:-0.008234s ]
INFO: Run ShowRuntime Behavior [ RunTime:-0.008353s ]
INFO: [ view_filter ] --END-- [ RunTime:0.000760s ]
INFO: [ view_end ] --START--
INFO: Run ShowPageTrace Behavior [ RunTime:-0.008625s ]
INFO: [ view_end ] --END-- [ RunTime:0.000324s ]

[ 2014-08-14T15:48:51+08:00 ] 172.16.24.26 /Index.php/index/index/AddBlog
INFO: [ route_check ] --START--
INFO: Run CheckRoute Behavior [ RunTime:0.000430s ]
INFO: [ route_check ] --END-- [ RunTime:0.000484s ]
INFO: [ app_begin ] --START--
INFO: Run ReadHtmlCache Behavior [ RunTime:-0.000203s ]
INFO: [ app_begin ] --END-- [ RunTime:0.000296s ]
INFO: [ view_template ] --START--
INFO: Run LocationTemplate Behavior [ RunTime:-0.001195s ]
INFO: [ view_template ] --END-- [ RunTime:0.000204s ]
INFO: [ view_parse ] --START--
INFO: Run ParseTemplate Behavior [ RunTime:-0.001424s ]
INFO: [ view_parse ] --END-- [ RunTime:0.046718s ]
INFO: [ view_filter ] --START--
INFO: Run ContentReplace Behavior [ RunTime:-0.048168s ]
INFO: Run TokenBuild Behavior [ RunTime:-0.048381s ]
INFO: Run WriteHtmlCache Behavior [ RunTime:-0.048567s ]
INFO: Run ShowRuntime Behavior [ RunTime:-0.048689s ]
INFO: [ view_filter ] --END-- [ RunTime:0.000764s ]
INFO: [ view_end ] --START--
INFO: Run ShowPageTrace Behavior [ RunTime:-0.048966s ]
INFO: [ view_end ] --END-- [ RunTime:0.000328s ]

[ 2014-08-14T15:48:51+08:00 ] 172.16.24.26 /Index.php/index/index/blog
INFO: [ route_check ] --START--
INFO: Run CheckRoute Behavior [ RunTime:0.000478s ]
INFO: [ route_check ] --END-- [ RunTime:0.000630s ]
INFO: [ app_begin ] --START--
INFO: Run ReadHtmlCache Behavior [ RunTime:-0.000396s ]
INFO: [ app_begin ] --END-- [ RunTime:0.000319s ]
INFO: [ view_template ] --START--
INFO: Run LocationTemplate Behavior [ RunTime:-0.041641s ]
INFO: [ view_template ] --END-- [ RunTime:0.000241s ]
INFO: [ view_parse ] --START--
INFO: Run ParseTemplate Behavior [ RunTime:-0.041910s ]
INFO: [ view_parse ] --END-- [ RunTime:0.007173s ]
INFO: [ view_filter ] --START--
INFO: Run ContentReplace Behavior [ RunTime:-0.049106s ]
INFO: Run TokenBuild Behavior [ RunTime:-0.049379s ]
INFO: Run WriteHtmlCache Behavior [ RunTime:-0.049575s ]
INFO: Run ShowRuntime Behavior [ RunTime:-0.049701s ]
INFO: [ view_filter ] --END-- [ RunTime:0.000877s ]
INFO: [ view_end ] --START--
INFO: Run ShowPageTrace Behavior [ RunTime:-0.050032s ]
INFO: [ view_end ] --END-- [ RunTime:0.000455s ]

