[ 2014-08-22T10:32:02+08:00 ] 172.16.21.2 /
INFO: [ app_begin ] --START--
INFO: Run ReadHtmlCache Behavior [ RunTime:0.002698s ]
INFO: [ app_begin ] --END-- [ RunTime:0.002739s ]
INFO: [ view_template ] --START--
INFO: Run LocationTemplate Behavior [ RunTime:-0.015248s ]
INFO: [ view_template ] --END-- [ RunTime:0.019363s ]
INFO: [ view_parse ] --START--
INFO: Run ParseTemplate Behavior [ RunTime:-0.034627s ]
INFO: [ view_parse ] --END-- [ RunTime:0.251580s ]
INFO: [ view_filter ] --START--
INFO: Run ContentReplace Behavior [ RunTime:-0.286233s ]
INFO: Run TokenBuild Behavior [ RunTime:-0.306295s ]
INFO: Run WriteHtmlCache Behavior [ RunTime:-0.309761s ]
INFO: Run ShowRuntime Behavior [ RunTime:-0.318377s ]
INFO: [ view_filter ] --END-- [ RunTime:0.038766s ]
INFO: [ view_end ] --START--
INFO: Run ShowPageTrace Behavior [ RunTime:-0.325033s ]
INFO: [ view_end ] --END-- [ RunTime:0.007129s ]

[ 2014-08-22T10:32:02+08:00 ] 172.16.21.2 /
INFO: [ app_begin ] --START--
INFO: Run ReadHtmlCache Behavior [ RunTime:0.000247s ]
INFO: [ app_begin ] --END-- [ RunTime:0.000328s ]
INFO: [ view_template ] --START--
INFO: Run LocationTemplate Behavior [ RunTime:-0.023084s ]
INFO: [ view_template ] --END-- [ RunTime:0.000200s ]
INFO: [ view_parse ] --START--
INFO: Run ParseTemplate Behavior [ RunTime:-0.023320s ]
INFO: [ view_parse ] --END-- [ RunTime:0.006633s ]
INFO: [ view_filter ] --START--
INFO: Run ContentReplace Behavior [ RunTime:-0.029965s ]
INFO: Run TokenBuild Behavior [ RunTime:-0.043301s ]
INFO: Run WriteHtmlCache Behavior [ RunTime:-0.046752s ]
INFO: Run ShowRuntime Behavior [ RunTime:-0.055371s ]
INFO: [ view_filter ] --END-- [ RunTime:0.032031s ]
INFO: [ view_end ] --START--
INFO: Run ShowPageTrace Behavior [ RunTime:-0.062042s ]
INFO: [ view_end ] --END-- [ RunTime:0.007497s ]

[ 2014-08-22T10:32:18+08:00 ] 172.16.21.2 /
INFO: [ app_begin ] --START--
INFO: Run ReadHtmlCache Behavior [ RunTime:0.000267s ]
INFO: [ app_begin ] --END-- [ RunTime:0.000315s ]
INFO: [ view_template ] --START--
INFO: Run LocationTemplate Behavior [ RunTime:-0.000397s ]
INFO: [ view_template ] --END-- [ RunTime:0.000185s ]
INFO: [ view_parse ] --START--
INFO: Run ParseTemplate Behavior [ RunTime:-0.000606s ]
INFO: [ view_parse ] --END-- [ RunTime:0.022083s ]
INFO: [ view_filter ] --START--
INFO: Run ContentReplace Behavior [ RunTime:-0.022716s ]
INFO: Run TokenBuild Behavior [ RunTime:-0.022965s ]
INFO: Run WriteHtmlCache Behavior [ RunTime:-0.023147s ]
INFO: Run ShowRuntime Behavior [ RunTime:-0.023289s ]
INFO: [ view_filter ] --END-- [ RunTime:0.000822s ]
INFO: [ view_end ] --START--
INFO: Run ShowPageTrace Behavior [ RunTime:-0.023576s ]
INFO: [ view_end ] --END-- [ RunTime:0.000333s ]

[ 2014-08-22T10:32:22+08:00 ] 172.16.21.2 /
INFO: [ app_begin ] --START--
INFO: Run ReadHtmlCache Behavior [ RunTime:0.000230s ]
INFO: [ app_begin ] --END-- [ RunTime:0.000270s ]
INFO: [ view_template ] --START--
INFO: Run LocationTemplate Behavior [ RunTime:-0.000361s ]
INFO: [ view_template ] --END-- [ RunTime:0.000165s ]
INFO: [ view_parse ] --START--
INFO: Run ParseTemplate Behavior [ RunTime:-0.000547s ]
INFO: [ view_parse ] --END-- [ RunTime:0.010576s ]
INFO: [ view_filter ] --START--
INFO: Run ContentReplace Behavior [ RunTime:-0.011151s ]
INFO: Run TokenBuild Behavior [ RunTime:-0.011401s ]
INFO: Run WriteHtmlCache Behavior [ RunTime:-0.011595s ]
INFO: Run ShowRuntime Behavior [ RunTime:-0.011719s ]
INFO: [ view_filter ] --END-- [ RunTime:0.000817s ]
INFO: [ view_end ] --START--
INFO: Run ShowPageTrace Behavior [ RunTime:-0.012007s ]
INFO: [ view_end ] --END-- [ RunTime:0.000350s ]

[ 2014-08-22T10:32:27+08:00 ] 172.16.21.2 /
INFO: [ app_begin ] --START--
INFO: Run ReadHtmlCache Behavior [ RunTime:0.000302s ]
INFO: [ app_begin ] --END-- [ RunTime:0.000392s ]
INFO: [ view_template ] --START--
INFO: Run LocationTemplate Behavior [ RunTime:-0.000590s ]
INFO: [ view_template ] --END-- [ RunTime:0.000188s ]
INFO: [ view_parse ] --START--
INFO: Run ParseTemplate Behavior [ RunTime:-0.000805s ]
INFO: [ view_parse ] --END-- [ RunTime:0.021327s ]
INFO: [ view_filter ] --START--
INFO: Run ContentReplace Behavior [ RunTime:-0.022155s ]
INFO: Run TokenBuild Behavior [ RunTime:-0.022438s ]
INFO: Run WriteHtmlCache Behavior [ RunTime:-0.022665s ]
INFO: Run ShowRuntime Behavior [ RunTime:-0.022775s ]
INFO: [ view_filter ] --END-- [ RunTime:0.000854s ]
INFO: [ view_end ] --START--
INFO: Run ShowPageTrace Behavior [ RunTime:-0.023056s ]
INFO: [ view_end ] --END-- [ RunTime:0.000413s ]

[ 2014-08-22T10:32:29+08:00 ] 172.16.21.2 /
INFO: [ app_begin ] --START--
INFO: Run ReadHtmlCache Behavior [ RunTime:0.000315s ]
INFO: [ app_begin ] --END-- [ RunTime:0.000414s ]
INFO: [ view_template ] --START--
INFO: Run LocationTemplate Behavior [ RunTime:-0.000615s ]
INFO: [ view_template ] --END-- [ RunTime:0.000212s ]
INFO: [ view_parse ] --START--
INFO: Run ParseTemplate Behavior [ RunTime:-0.000857s ]
INFO: [ view_parse ] --END-- [ RunTime:0.021255s ]
INFO: [ view_filter ] --START--
INFO: Run ContentReplace Behavior [ RunTime:-0.022129s ]
INFO: Run TokenBuild Behavior [ RunTime:-0.022346s ]
INFO: Run WriteHtmlCache Behavior [ RunTime:-0.022502s ]
INFO: Run ShowRuntime Behavior [ RunTime:-0.022600s ]
INFO: [ view_filter ] --END-- [ RunTime:0.000681s ]
INFO: [ view_end ] --START--
INFO: Run ShowPageTrace Behavior [ RunTime:-0.022854s ]
INFO: [ view_end ] --END-- [ RunTime:0.000375s ]

[ 2014-08-22T10:32:30+08:00 ] 172.16.21.2 /
INFO: [ app_begin ] --START--
INFO: Run ReadHtmlCache Behavior [ RunTime:0.000276s ]
INFO: [ app_begin ] --END-- [ RunTime:0.000321s ]
INFO: [ view_template ] --START--
INFO: Run LocationTemplate Behavior [ RunTime:-0.000402s ]
INFO: [ view_template ] --END-- [ RunTime:0.000186s ]
INFO: [ view_parse ] --START--
INFO: Run ParseTemplate Behavior [ RunTime:-0.000612s ]
INFO: [ view_parse ] --END-- [ RunTime:0.021948s ]
INFO: [ view_filter ] --START--
INFO: Run ContentReplace Behavior [ RunTime:-0.022580s ]
INFO: Run TokenBuild Behavior [ RunTime:-0.022789s ]
INFO: Run WriteHtmlCache Behavior [ RunTime:-0.022938s ]
INFO: Run ShowRuntime Behavior [ RunTime:-0.023033s ]
INFO: [ view_filter ] --END-- [ RunTime:0.000643s ]
INFO: [ view_end ] --START--
INFO: Run ShowPageTrace Behavior [ RunTime:-0.023264s ]
INFO: [ view_end ] --END-- [ RunTime:0.000294s ]

[ 2014-08-22T10:32:31+08:00 ] 172.16.21.2 /
INFO: [ app_begin ] --START--
INFO: Run ReadHtmlCache Behavior [ RunTime:0.000273s ]
INFO: [ app_begin ] --END-- [ RunTime:0.000361s ]
INFO: [ view_template ] --START--
INFO: Run LocationTemplate Behavior [ RunTime:-0.000573s ]
INFO: [ view_template ] --END-- [ RunTime:0.000183s ]
INFO: [ view_parse ] --START--
INFO: Run ParseTemplate Behavior [ RunTime:-0.000782s ]
INFO: [ view_parse ] --END-- [ RunTime:0.022203s ]
INFO: [ view_filter ] --START--
INFO: Run ContentReplace Behavior [ RunTime:-0.023021s ]
INFO: Run TokenBuild Behavior [ RunTime:-0.023258s ]
INFO: Run WriteHtmlCache Behavior [ RunTime:-0.023425s ]
INFO: Run ShowRuntime Behavior [ RunTime:-0.023522s ]
INFO: [ view_filter ] --END-- [ RunTime:0.000710s ]
INFO: [ view_end ] --START--
INFO: Run ShowPageTrace Behavior [ RunTime:-0.023770s ]
INFO: [ view_end ] --END-- [ RunTime:0.000362s ]

[ 2014-08-22T10:33:08+08:00 ] 172.16.21.2 /
INFO: [ app_begin ] --START--
INFO: Run ReadHtmlCache Behavior [ RunTime:0.000325s ]
INFO: [ app_begin ] --END-- [ RunTime:0.000427s ]
INFO: [ view_template ] --START--
INFO: Run LocationTemplate Behavior [ RunTime:-0.000645s ]
INFO: [ view_template ] --END-- [ RunTime:0.000220s ]
INFO: [ view_parse ] --START--
INFO: Run ParseTemplate Behavior [ RunTime:-0.000895s ]
INFO: [ view_parse ] --END-- [ RunTime:0.007146s ]
INFO: [ view_filter ] --START--
INFO: Run ContentReplace Behavior [ RunTime:-0.008054s ]
INFO: Run TokenBuild Behavior [ RunTime:-0.008235s ]
INFO: Run WriteHtmlCache Behavior [ RunTime:-0.008380s ]
INFO: Run ShowRuntime Behavior [ RunTime:-0.008471s ]
INFO: [ view_filter ] --END-- [ RunTime:0.000611s ]
INFO: [ view_end ] --START--
INFO: Run ShowPageTrace Behavior [ RunTime:-0.008704s ]
INFO: [ view_end ] --END-- [ RunTime:0.000335s ]

